<?xml version="1.0" encoding="UTF-8"?>
<!-- Generated by org.testng.reporters.JUnitXMLReporter -->
<testsuite ignored="0" hostname="earth" failures="2" tests="3" name="Error Validation Test" time="48.864" errors="0" timestamp="2022-10-29T18:34:39 IST">
  <testcase classname="NewFramework.tests.ErrorValidationTest" name="productErrorValidation" time="22.774">
    <skipped/>
  </testcase> <!-- productErrorValidation -->
  <testcase classname="NewFramework.tests.ErrorValidationTest" name="productErrorValidation" time="1.61">
    <failure type="java.lang.AssertionError" message="expected [Login Successfully] but found [Incorrect email r Password]">
      <![CDATA[java.lang.AssertionError: expected [Login Successfully] but found [Incorrect email r Password]
at NewFramework.tests.ErrorValidationTest.productErrorValidation(ErrorValidationTest.java:28)
at java.base/java.util.ArrayList.forEach(ArrayList.java:1511)
... Removed 33 stack frames]]>
    </failure>
  </testcase> <!-- productErrorValidation -->
  <testcase classname="NewFramework.tests.ErrorValidationTest" name="submitOrder" time="7.495">
    <failure type="java.lang.NullPointerException" message="Cannot invoke &amp;quot;org.openqa.selenium.WebElement.findElement(org.openqa.selenium.By)&amp;quot; because &amp;quot;prod&amp;quot; is null">
      <![CDATA[java.lang.NullPointerException: Cannot invoke "org.openqa.selenium.WebElement.findElement(org.openqa.selenium.By)" because "prod" is null
at NewFramework.pageObjects.ProductCatalogue.addproductToCart(ProductCatalogue.java:52)
at NewFramework.tests.ErrorValidationTest.submitOrder(ErrorValidationTest.java:37)
at java.base/java.util.ArrayList.forEach(ArrayList.java:1511)
... Removed 27 stack frames]]>
    </failure>
  </testcase> <!-- submitOrder -->
</testsuite> <!-- Error Validation Test -->
